<?xml version="1.0" encoding="UTF-8"?>
<!-- Generated by org.testng.reporters.JUnitXMLReporter -->
<testsuite hostname="MacBookPro-2.local" tests="3" failures="3" timestamp="27 Apr 2016 04:38:01 GMT" time="410.262" errors="0">
  <testcase name="test" time="96.801" classname="AppiumTest">
    <failure type="org.openqa.selenium.WebDriverException" message="Failed to execute command button-text click: Needle not found for expected value: &amp;quot;大阪&amp;quot;
Command duration or timeout: 38.20 seconds
Build info: version: &amp;apos;2.48.2&amp;apos;, revision: &amp;apos;41bccdd10cf2c0560f637404c2d96164b67d9d67&amp;apos;, time: &amp;apos;2015-10-09 13:08:06&amp;apos;
System info: host: &amp;apos;MacBookPro-2.local&amp;apos;, ip: &amp;apos;192.168.1.193&amp;apos;, os.name: &amp;apos;Mac OS X&amp;apos;, os.arch: &amp;apos;x86_64&amp;apos;, os.version: &amp;apos;10.11.4&amp;apos;, java.version: &amp;apos;1.8.0_77&amp;apos;
Driver info: PageObjects.PerfectoDriver
Capabilities [{windTunnelPersona=Georgia, rotatable=true, eclipseExecutionId=satoshio@perfectomobile.com_Eclipse_16-04-26_21_59_20_12897, entityType=remote_web_driver, serverConnector=, deviceName=CB1BF44CFEB5C6E1DC52FBC21973B76517820ED3, platform=ANY, executionId=satoshio@perfectomobile.com_RemoteWebDriverTest_16-04-27_04_31_13_14441, password=, webdriver.remote.sessionid=c68eac09-8b95-4fb8-933b-f5e872fe89bf, automationName=Appium, host=demo.perfectomobile.com, singleTestReportUrl=https://demo.perfectomobile.com/nexperience/singletest/report/?reportRepositoryKey=PRIVATE:RemoteWebDriverTest/RemoteWebDriverTest_16-04-27_04_31_13_14441.xml&amp;amp;ownerId=satoshio@perfectomobile.com&amp;amp;sharingCode=c18f7487-8253-448d-850d-ac78a15cf1f9, locationContextEnabled=true, scriptName=RemoteWebDriverTest, takesScreenshot=true, javascriptEnabled=true, reportKey=PRIVATE:RemoteWebDriverTest/RemoteWebDriverTest_16-04-27_04_31_13_14441.xml, windTunnelReportUrl=https://demo.perfectomobile.com/nexperience/singletest/report/?reportRepositoryKey=PRIVATE:RemoteWebDriverTest/RemoteWebDriverTest_16-04-27_04_31_13_14441.xml&amp;amp;ownerId=satoshio@perfectomobile.com&amp;amp;sharingCode=c18f7487-8253-448d-850d-ac78a15cf1f9, user=, cssSelectorsEnabled=true}]
Session ID: c68eac09-8b95-4fb8-933b-f5e872fe89bf">
      <![CDATA[org.openqa.selenium.WebDriverException: Failed to execute command button-text click: Needle not found for expected value: "大阪"
Command duration or timeout: 38.20 seconds
Build info: version: '2.48.2', revision: '41bccdd10cf2c0560f637404c2d96164b67d9d67', time: '2015-10-09 13:08:06'
System info: host: 'MacBookPro-2.local', ip: '192.168.1.193', os.name: 'Mac OS X', os.arch: 'x86_64', os.version: '10.11.4', java.version: '1.8.0_77'
Driver info: PageObjects.PerfectoDriver
Capabilities [{windTunnelPersona=Georgia, rotatable=true, eclipseExecutionId=satoshio@perfectomobile.com_Eclipse_16-04-26_21_59_20_12897, entityType=remote_web_driver, serverConnector=, deviceName=CB1BF44CFEB5C6E1DC52FBC21973B76517820ED3, platform=ANY, executionId=satoshio@perfectomobile.com_RemoteWebDriverTest_16-04-27_04_31_13_14441, password=, webdriver.remote.sessionid=c68eac09-8b95-4fb8-933b-f5e872fe89bf, automationName=Appium, host=demo.perfectomobile.com, singleTestReportUrl=https://demo.perfectomobile.com/nexperience/singletest/report/?reportRepositoryKey=PRIVATE:RemoteWebDriverTest/RemoteWebDriverTest_16-04-27_04_31_13_14441.xml&ownerId=satoshio@perfectomobile.com&sharingCode=c18f7487-8253-448d-850d-ac78a15cf1f9, locationContextEnabled=true, scriptName=RemoteWebDriverTest, takesScreenshot=true, javascriptEnabled=true, reportKey=PRIVATE:RemoteWebDriverTest/RemoteWebDriverTest_16-04-27_04_31_13_14441.xml, windTunnelReportUrl=https://demo.perfectomobile.com/nexperience/singletest/report/?reportRepositoryKey=PRIVATE:RemoteWebDriverTest/RemoteWebDriverTest_16-04-27_04_31_13_14441.xml&ownerId=satoshio@perfectomobile.com&sharingCode=c18f7487-8253-448d-850d-ac78a15cf1f9, user=, cssSelectorsEnabled=true}]
Session ID: c68eac09-8b95-4fb8-933b-f5e872fe89bf
	at org.openqa.selenium.remote.ErrorHandler.createThrowable(ErrorHandler.java:206)
	at org.openqa.selenium.remote.ErrorHandler.throwIfResponseFailed(ErrorHandler.java:158)
	at org.openqa.selenium.remote.RemoteWebDriver.execute(RemoteWebDriver.java:647)
	at org.openqa.selenium.remote.RemoteWebDriver.executeScript(RemoteWebDriver.java:556)
	at PageObjects.PerfectoDriver.TextButtonClick(PerfectoDriver.java:155)
	at PageObjects.PerfectoDriver.TextButtonClick(PerfectoDriver.java:99)
	at PageObjects.TopPageObjectIOS.SelectShop(TopPageObjectIOS.java:65)
	at AppiumTest.test(AppiumTest.java:128)
	at java.util.concurrent.FutureTask.run(FutureTask.java:266)
	at java.util.concurrent.ThreadPoolExecutor.runWorker(ThreadPoolExecutor.java:1142)
	at java.util.concurrent.ThreadPoolExecutor$Worker.run(ThreadPoolExecutor.java:617)
	at java.lang.Thread.run(Thread.java:745)
Caused by: java.lang.RuntimeException: Failed to execute command button-text click: Needle not found for expected value: "大阪"
	at com.perfectomobile.selenium.MobileEntity.processCommonResponse(MobileEntity.java:98)
	at com.perfectomobile.selenium.MobileDevice.processResponse(MobileDevice.java:503)
	at com.perfectomobile.selenium.MobileEntity.executeDataCommand(MobileEntity.java:68)
	at com.perfectomobile.selenium.MobileEntity.executeDataCommand(MobileEntity.java:61)
	at com.perfectomobile.selenium.MobileDevice.executeGenericCommand(MobileDevice.java:574)
	at com.perfectomobile.selenium.MobileDevice.executeGenericCommand(MobileDevice.java:57)
	at com.perfectomobile.selenium.server.appium.ExecuteScript.executeGenericCommand(ExecuteScript.java:93)
	at com.perfectomobile.selenium.server.appium.ExecuteScript.executeGenericCommand(ExecuteScript.java:65)
	at com.perfectomobile.selenium.server.appium.ExecuteScript.mobileCall(ExecuteScript.java:47)
	at com.perfectomobile.selenium.server.MobileWebDriverHandler.call(MobileWebDriverHandler.java:26)
	at java.util.concurrent.FutureTask.run(FutureTask.java:262)
	at org.openqa.selenium.remote.server.DefaultSession$1.run(DefaultSession.java:176)
	at java.util.concurrent.ThreadPoolExecutor.runWorker(ThreadPoolExecutor.java:1145)
	at java.util.concurrent.ThreadPoolExecutor$Worker.run(ThreadPoolExecutor.java:615)
	at java.lang.Thread.run(Thread.java:744)
... Removed 20 stack frames]]>
    </failure>
  </testcase> <!-- test -->
  <testcase name="test" time="84.928" classname="AppiumTest">
    <failure type="org.openqa.selenium.WebDriverException" message="Failed to execute command button-text click: Needle not found for expected value: &amp;quot;イタリアン&amp;quot;
Command duration or timeout: 35.67 seconds
Build info: version: &amp;apos;2.48.2&amp;apos;, revision: &amp;apos;41bccdd10cf2c0560f637404c2d96164b67d9d67&amp;apos;, time: &amp;apos;2015-10-09 13:08:06&amp;apos;
System info: host: &amp;apos;MacBookPro-2.local&amp;apos;, ip: &amp;apos;192.168.1.193&amp;apos;, os.name: &amp;apos;Mac OS X&amp;apos;, os.arch: &amp;apos;x86_64&amp;apos;, os.version: &amp;apos;10.11.4&amp;apos;, java.version: &amp;apos;1.8.0_77&amp;apos;
Driver info: PageObjects.PerfectoDriver
Capabilities [{windTunnelPersona=Georgia, rotatable=true, eclipseExecutionId=satoshio@perfectomobile.com_Eclipse_16-04-26_21_59_20_12897, entityType=remote_web_driver, serverConnector=, deviceName=CB1BF44CFEB5C6E1DC52FBC21973B76517820ED3, platform=ANY, executionId=satoshio@perfectomobile.com_RemoteWebDriverTest_16-04-27_04_31_13_14441, password=, webdriver.remote.sessionid=c68eac09-8b95-4fb8-933b-f5e872fe89bf, automationName=Appium, host=demo.perfectomobile.com, singleTestReportUrl=https://demo.perfectomobile.com/nexperience/singletest/report/?reportRepositoryKey=PRIVATE:RemoteWebDriverTest/RemoteWebDriverTest_16-04-27_04_31_13_14441.xml&amp;amp;ownerId=satoshio@perfectomobile.com&amp;amp;sharingCode=c18f7487-8253-448d-850d-ac78a15cf1f9, locationContextEnabled=true, scriptName=RemoteWebDriverTest, takesScreenshot=true, javascriptEnabled=true, reportKey=PRIVATE:RemoteWebDriverTest/RemoteWebDriverTest_16-04-27_04_31_13_14441.xml, windTunnelReportUrl=https://demo.perfectomobile.com/nexperience/singletest/report/?reportRepositoryKey=PRIVATE:RemoteWebDriverTest/RemoteWebDriverTest_16-04-27_04_31_13_14441.xml&amp;amp;ownerId=satoshio@perfectomobile.com&amp;amp;sharingCode=c18f7487-8253-448d-850d-ac78a15cf1f9, user=, cssSelectorsEnabled=true}]
Session ID: c68eac09-8b95-4fb8-933b-f5e872fe89bf">
      <![CDATA[org.openqa.selenium.WebDriverException: Failed to execute command button-text click: Needle not found for expected value: "イタリアン"
Command duration or timeout: 35.67 seconds
Build info: version: '2.48.2', revision: '41bccdd10cf2c0560f637404c2d96164b67d9d67', time: '2015-10-09 13:08:06'
System info: host: 'MacBookPro-2.local', ip: '192.168.1.193', os.name: 'Mac OS X', os.arch: 'x86_64', os.version: '10.11.4', java.version: '1.8.0_77'
Driver info: PageObjects.PerfectoDriver
Capabilities [{windTunnelPersona=Georgia, rotatable=true, eclipseExecutionId=satoshio@perfectomobile.com_Eclipse_16-04-26_21_59_20_12897, entityType=remote_web_driver, serverConnector=, deviceName=CB1BF44CFEB5C6E1DC52FBC21973B76517820ED3, platform=ANY, executionId=satoshio@perfectomobile.com_RemoteWebDriverTest_16-04-27_04_31_13_14441, password=, webdriver.remote.sessionid=c68eac09-8b95-4fb8-933b-f5e872fe89bf, automationName=Appium, host=demo.perfectomobile.com, singleTestReportUrl=https://demo.perfectomobile.com/nexperience/singletest/report/?reportRepositoryKey=PRIVATE:RemoteWebDriverTest/RemoteWebDriverTest_16-04-27_04_31_13_14441.xml&ownerId=satoshio@perfectomobile.com&sharingCode=c18f7487-8253-448d-850d-ac78a15cf1f9, locationContextEnabled=true, scriptName=RemoteWebDriverTest, takesScreenshot=true, javascriptEnabled=true, reportKey=PRIVATE:RemoteWebDriverTest/RemoteWebDriverTest_16-04-27_04_31_13_14441.xml, windTunnelReportUrl=https://demo.perfectomobile.com/nexperience/singletest/report/?reportRepositoryKey=PRIVATE:RemoteWebDriverTest/RemoteWebDriverTest_16-04-27_04_31_13_14441.xml&ownerId=satoshio@perfectomobile.com&sharingCode=c18f7487-8253-448d-850d-ac78a15cf1f9, user=, cssSelectorsEnabled=true}]
Session ID: c68eac09-8b95-4fb8-933b-f5e872fe89bf
	at org.openqa.selenium.remote.ErrorHandler.createThrowable(ErrorHandler.java:206)
	at org.openqa.selenium.remote.ErrorHandler.throwIfResponseFailed(ErrorHandler.java:158)
	at org.openqa.selenium.remote.RemoteWebDriver.execute(RemoteWebDriver.java:647)
	at org.openqa.selenium.remote.RemoteWebDriver.executeScript(RemoteWebDriver.java:556)
	at PageObjects.PerfectoDriver.TextButtonClick(PerfectoDriver.java:155)
	at PageObjects.PerfectoDriver.TextButtonClick(PerfectoDriver.java:99)
	at PageObjects.TopPageObjectIOS.SelectShop(TopPageObjectIOS.java:65)
	at AppiumTest.test(AppiumTest.java:128)
	at java.util.concurrent.FutureTask.run(FutureTask.java:266)
	at java.util.concurrent.ThreadPoolExecutor.runWorker(ThreadPoolExecutor.java:1142)
	at java.util.concurrent.ThreadPoolExecutor$Worker.run(ThreadPoolExecutor.java:617)
	at java.lang.Thread.run(Thread.java:745)
Caused by: java.lang.RuntimeException: Failed to execute command button-text click: Needle not found for expected value: "イタリアン"
	at com.perfectomobile.selenium.MobileEntity.processCommonResponse(MobileEntity.java:98)
	at com.perfectomobile.selenium.MobileDevice.processResponse(MobileDevice.java:503)
	at com.perfectomobile.selenium.MobileEntity.executeDataCommand(MobileEntity.java:68)
	at com.perfectomobile.selenium.MobileEntity.executeDataCommand(MobileEntity.java:61)
	at com.perfectomobile.selenium.MobileDevice.executeGenericCommand(MobileDevice.java:574)
	at com.perfectomobile.selenium.MobileDevice.executeGenericCommand(MobileDevice.java:57)
	at com.perfectomobile.selenium.server.appium.ExecuteScript.executeGenericCommand(ExecuteScript.java:93)
	at com.perfectomobile.selenium.server.appium.ExecuteScript.executeGenericCommand(ExecuteScript.java:65)
	at com.perfectomobile.selenium.server.appium.ExecuteScript.mobileCall(ExecuteScript.java:47)
	at com.perfectomobile.selenium.server.MobileWebDriverHandler.call(MobileWebDriverHandler.java:26)
	at java.util.concurrent.FutureTask.run(FutureTask.java:262)
	at org.openqa.selenium.remote.server.DefaultSession$1.run(DefaultSession.java:176)
	at java.util.concurrent.ThreadPoolExecutor.runWorker(ThreadPoolExecutor.java:1145)
	at java.util.concurrent.ThreadPoolExecutor$Worker.run(ThreadPoolExecutor.java:615)
	at java.lang.Thread.run(Thread.java:744)
... Removed 20 stack frames]]>
    </failure>
  </testcase> <!-- test -->
  <testcase name="test" time="72.711" classname="AppiumTest">
    <failure type="junit.framework.AssertionFailedError" message="Restrant Not found:">
      <![CDATA[junit.framework.AssertionFailedError: Restrant Not found:
	at junit.framework.Assert.fail(Assert.java:50)
	at junit.framework.Assert.assertTrue(Assert.java:20)
	at PageObjects.TopPageObjectIOS.SelectPin(TopPageObjectIOS.java:36)
	at AppiumTest.test(AppiumTest.java:126)
	at java.util.concurrent.FutureTask.run(FutureTask.java:266)
	at java.util.concurrent.ThreadPoolExecutor.runWorker(ThreadPoolExecutor.java:1142)
	at java.util.concurrent.ThreadPoolExecutor$Worker.run(ThreadPoolExecutor.java:617)
	at java.lang.Thread.run(Thread.java:745)
... Removed 16 stack frames]]>
    </failure>
  </testcase> <!-- test -->
</testsuite>
