<html>
<head>
<title>TestNG:  Test iOS</title>
<link href="../testng.css" rel="stylesheet" type="text/css" />
<link href="../my-testng.css" rel="stylesheet" type="text/css" />

<style type="text/css">
.log { display: none;} 
.stack-trace { display: none;} 
</style>
<script type="text/javascript">
<!--
function flip(e) {
  current = e.style.display;
  if (current == 'block') {
    e.style.display = 'none';
    return 0;
  }
  else {
    e.style.display = 'block';
    return 1;
  }
}

function toggleBox(szDivId, elem, msg1, msg2)
{
  var res = -1;  if (document.getElementById) {
    res = flip(document.getElementById(szDivId));
  }
  else if (document.all) {
    // this is the way old msie versions work
    res = flip(document.all[szDivId]);
  }
  if(elem) {
    if(res == 0) elem.innerHTML = msg1; else elem.innerHTML = msg2;
  }

}

function toggleAllBoxes() {
  if (document.getElementsByTagName) {
    d = document.getElementsByTagName('div');
    for (i = 0; i < d.length; i++) {
      if (d[i].className == 'log') {
        flip(d[i]);
      }
    }
  }
}

// -->
</script>

</head>
<body>
<h2 align='center'>Test iOS</h2><table border='1' align="center">
<tr>
<td>Tests passed/Failed/Skipped:</td><td>0/3/0</td>
</tr><tr>
<td>Started on:</td><td>Wed Apr 27 13:31:10 JST 2016</td>
</tr>
<tr><td>Total time:</td><td>410 seconds (410262 ms)</td>
</tr><tr>
<td>Included groups:</td><td></td>
</tr><tr>
<td>Excluded groups:</td><td></td>
</tr>
</table><p/>
<small><i>(Hover the method name to see the test class name)</i></small><p/>
<table width='100%' border='1' class='invocation-failed'>
<tr><td colspan='4' align='center'><b>FAILED TESTS</b></td></tr>
<tr><td><b>Test method</b></td>
<td width="30%"><b>Exception</b></td>
<td width="10%"><b>Time (seconds)</b></td>
<td><b>Instance</b></td>
</tr>
<tr>
<td title='AppiumTest.test()'><b>test</b><br>Test class: AppiumTest<br>Parameters: shibuya tokyo, 和食, 3000円以下, 大阪</td>
<td><div><pre>org.openqa.selenium.WebDriverException: Failed to execute command button-text click: Needle not found for expected value: &quot;大阪&quot;
Command duration or timeout: 38.20 seconds
Build info: version: &apos;2.48.2&apos;, revision: &apos;41bccdd10cf2c0560f637404c2d96164b67d9d67&apos;, time: &apos;2015-10-09 13:08:06&apos;
System info: host: &apos;MacBookPro-2.local&apos;, ip: &apos;192.168.1.193&apos;, os.name: &apos;Mac OS X&apos;, os.arch: &apos;x86_64&apos;, os.version: &apos;10.11.4&apos;, java.version: &apos;1.8.0_77&apos;
Driver info: PageObjects.PerfectoDriver
Capabilities [{windTunnelPersona=Georgia, rotatable=true, eclipseExecutionId=satoshio@perfectomobile.com_Eclipse_16-04-26_21_59_20_12897, entityType=remote_web_driver, serverConnector=, deviceName=CB1BF44CFEB5C6E1DC52FBC21973B76517820ED3, platform=ANY, executionId=satoshio@perfectomobile.com_RemoteWebDriverTest_16-04-27_04_31_13_14441, password=, webdriver.remote.sessionid=c68eac09-8b95-4fb8-933b-f5e872fe89bf, automationName=Appium, host=demo.perfectomobile.com, singleTestReportUrl=https://demo.perfectomobile.com/nexperience/singletest/report/?reportRepositoryKey=PRIVATE:RemoteWebDriverTest/RemoteWebDriverTest_16-04-27_04_31_13_14441.xml&amp;ownerId=satoshio@perfectomobile.com&amp;sharingCode=c18f7487-8253-448d-850d-ac78a15cf1f9, locationContextEnabled=true, scriptName=RemoteWebDriverTest, takesScreenshot=true, javascriptEnabled=true, reportKey=PRIVATE:RemoteWebDriverTest/RemoteWebDriverTest_16-04-27_04_31_13_14441.xml, windTunnelReportUrl=https://demo.perfectomobile.com/nexperience/singletest/report/?reportRepositoryKey=PRIVATE:RemoteWebDriverTest/RemoteWebDriverTest_16-04-27_04_31_13_14441.xml&amp;ownerId=satoshio@perfectomobile.com&amp;sharingCode=c18f7487-8253-448d-850d-ac78a15cf1f9, user=, cssSelectorsEnabled=true}]
Session ID: c68eac09-8b95-4fb8-933b-f5e872fe89bf
	at org.openqa.selenium.remote.ErrorHandler.createThrowable(ErrorHandler.java:206)
	at org.openqa.selenium.remote.ErrorHandler.throwIfResponseFailed(ErrorHandler.java:158)
	at org.openqa.selenium.remote.RemoteWebDriver.execute(RemoteWebDriver.java:647)
	at org.openqa.selenium.remote.RemoteWebDriver.executeScript(RemoteWebDriver.java:556)
	at PageObjects.PerfectoDriver.TextButtonClick(PerfectoDriver.java:155)
	at PageObjects.PerfectoDriver.TextButtonClick(PerfectoDriver.java:99)
	at PageObjects.TopPageObjectIOS.SelectShop(TopPageObjectIOS.java:65)
	at AppiumTest.test(AppiumTest.java:128)
	at java.util.concurrent.FutureTask.run(FutureTask.java:266)
	at java.util.concurrent.ThreadPoolExecutor.runWorker(ThreadPoolExecutor.java:1142)
	at java.util.concurrent.ThreadPoolExecutor$Worker.run(ThreadPoolExecutor.java:617)
	at java.lang.Thread.run(Thread.java:745)
Caused by: java.lang.RuntimeException: Failed to execute command button-text click: Needle not found for expected value: &quot;大阪&quot;
	at com.perfectomobile.selenium.MobileEntity.processCommonResponse(MobileEntity.java:98)
	at com.perfectomobile.selenium.MobileDevice.processResponse(MobileDevice.java:503)
	at com.perfectomobile.selenium.MobileEntity.executeDataCommand(MobileEntity.java:68)
	at com.perfectomobile.selenium.MobileEntity.executeDataCommand(MobileEntity.java:61)
	at com.perfectomobile.selenium.MobileDevice.executeGenericCommand(MobileDevice.java:574)
	at com.perfectomobile.selenium.MobileDevice.executeGenericCommand(MobileDevice.java:57)
	at com.perfectomobile.selenium.server.appium.ExecuteScript.executeGenericCommand(ExecuteScript.java:93)
	at com.perfectomobile.selenium.server.appium.ExecuteScript.executeGenericCommand(ExecuteScript.java:65)
	at com.perfectomobile.selenium.server.appium.ExecuteScript.mobileCall(ExecuteScript.java:47)
	at com.perfectomobile.selenium.server.MobileWebDriverHandler.call(MobileWebDriverHandler.java:26)
	at java.util.concurrent.FutureTask.run(FutureTask.java:262)
	at org.openqa.selenium.remote.server.DefaultSession$1.run(DefaultSession.java:176)
	at java.util.concurrent.ThreadPoolExecutor.runWorker(ThreadPoolExecutor.java:1145)
	at java.util.concurrent.ThreadPoolExecutor$Worker.run(ThreadPoolExecutor.java:615)
	at java.lang.Thread.run(Thread.java:744)
... Removed 20 stack frames</pre></div><a href='#' onClick='toggleBox("stack-trace678055701", this, "Click to show all stack frames", "Click to hide stack frames")'>Click to show all stack frames</a>
<div class='stack-trace' id='stack-trace678055701'><pre>org.openqa.selenium.WebDriverException: Failed to execute command button-text click: Needle not found for expected value: &quot;大阪&quot;
Command duration or timeout: 38.20 seconds
Build info: version: &apos;2.48.2&apos;, revision: &apos;41bccdd10cf2c0560f637404c2d96164b67d9d67&apos;, time: &apos;2015-10-09 13:08:06&apos;
System info: host: &apos;MacBookPro-2.local&apos;, ip: &apos;192.168.1.193&apos;, os.name: &apos;Mac OS X&apos;, os.arch: &apos;x86_64&apos;, os.version: &apos;10.11.4&apos;, java.version: &apos;1.8.0_77&apos;
Driver info: PageObjects.PerfectoDriver
Capabilities [{windTunnelPersona=Georgia, rotatable=true, eclipseExecutionId=satoshio@perfectomobile.com_Eclipse_16-04-26_21_59_20_12897, entityType=remote_web_driver, serverConnector=, deviceName=CB1BF44CFEB5C6E1DC52FBC21973B76517820ED3, platform=ANY, executionId=satoshio@perfectomobile.com_RemoteWebDriverTest_16-04-27_04_31_13_14441, password=, webdriver.remote.sessionid=c68eac09-8b95-4fb8-933b-f5e872fe89bf, automationName=Appium, host=demo.perfectomobile.com, singleTestReportUrl=https://demo.perfectomobile.com/nexperience/singletest/report/?reportRepositoryKey=PRIVATE:RemoteWebDriverTest/RemoteWebDriverTest_16-04-27_04_31_13_14441.xml&amp;ownerId=satoshio@perfectomobile.com&amp;sharingCode=c18f7487-8253-448d-850d-ac78a15cf1f9, locationContextEnabled=true, scriptName=RemoteWebDriverTest, takesScreenshot=true, javascriptEnabled=true, reportKey=PRIVATE:RemoteWebDriverTest/RemoteWebDriverTest_16-04-27_04_31_13_14441.xml, windTunnelReportUrl=https://demo.perfectomobile.com/nexperience/singletest/report/?reportRepositoryKey=PRIVATE:RemoteWebDriverTest/RemoteWebDriverTest_16-04-27_04_31_13_14441.xml&amp;ownerId=satoshio@perfectomobile.com&amp;sharingCode=c18f7487-8253-448d-850d-ac78a15cf1f9, user=, cssSelectorsEnabled=true}]
Session ID: c68eac09-8b95-4fb8-933b-f5e872fe89bf
	at sun.reflect.NativeConstructorAccessorImpl.newInstance0(Native Method)
	at sun.reflect.NativeConstructorAccessorImpl.newInstance(NativeConstructorAccessorImpl.java:62)
	at sun.reflect.DelegatingConstructorAccessorImpl.newInstance(DelegatingConstructorAccessorImpl.java:45)
	at java.lang.reflect.Constructor.newInstance(Constructor.java:423)
	at org.openqa.selenium.remote.ErrorHandler.createThrowable(ErrorHandler.java:206)
	at org.openqa.selenium.remote.ErrorHandler.throwIfResponseFailed(ErrorHandler.java:158)
	at org.openqa.selenium.remote.RemoteWebDriver.execute(RemoteWebDriver.java:647)
	at org.openqa.selenium.remote.RemoteWebDriver.executeScript(RemoteWebDriver.java:556)
	at PageObjects.PerfectoDriver.TextButtonClick(PerfectoDriver.java:155)
	at PageObjects.PerfectoDriver.TextButtonClick(PerfectoDriver.java:99)
	at PageObjects.TopPageObjectIOS.SelectShop(TopPageObjectIOS.java:65)
	at AppiumTest.test(AppiumTest.java:128)
	at sun.reflect.NativeMethodAccessorImpl.invoke0(Native Method)
	at sun.reflect.NativeMethodAccessorImpl.invoke(NativeMethodAccessorImpl.java:62)
	at sun.reflect.DelegatingMethodAccessorImpl.invoke(DelegatingMethodAccessorImpl.java:43)
	at java.lang.reflect.Method.invoke(Method.java:498)
	at org.testng.internal.MethodInvocationHelper.invokeMethod(MethodInvocationHelper.java:86)
	at org.testng.internal.Invoker.invokeMethod(Invoker.java:645)
	at org.testng.internal.Invoker.invokeTestMethod(Invoker.java:822)
	at org.testng.internal.Invoker.invokeTestMethods(Invoker.java:1130)
	at org.testng.internal.TestMethodWorker.invokeTestMethods(TestMethodWorker.java:129)
	at org.testng.internal.TestMethodWorker.run(TestMethodWorker.java:112)
	at org.testng.TestRunner.privateRun(TestRunner.java:782)
	at org.testng.TestRunner.run(TestRunner.java:632)
	at org.testng.SuiteRunner.runTest(SuiteRunner.java:366)
	at org.testng.SuiteRunner.access$000(SuiteRunner.java:39)
	at org.testng.SuiteRunner$SuiteWorker.run(SuiteRunner.java:400)
	at org.testng.internal.thread.ThreadUtil$2.call(ThreadUtil.java:64)
	at java.util.concurrent.FutureTask.run(FutureTask.java:266)
	at java.util.concurrent.ThreadPoolExecutor.runWorker(ThreadPoolExecutor.java:1142)
	at java.util.concurrent.ThreadPoolExecutor$Worker.run(ThreadPoolExecutor.java:617)
	at java.lang.Thread.run(Thread.java:745)
Caused by: java.lang.RuntimeException: Failed to execute command button-text click: Needle not found for expected value: &quot;大阪&quot;
	at com.perfectomobile.selenium.MobileEntity.processCommonResponse(MobileEntity.java:98)
	at com.perfectomobile.selenium.MobileDevice.processResponse(MobileDevice.java:503)
	at com.perfectomobile.selenium.MobileEntity.executeDataCommand(MobileEntity.java:68)
	at com.perfectomobile.selenium.MobileEntity.executeDataCommand(MobileEntity.java:61)
	at com.perfectomobile.selenium.MobileDevice.executeGenericCommand(MobileDevice.java:574)
	at com.perfectomobile.selenium.MobileDevice.executeGenericCommand(MobileDevice.java:57)
	at com.perfectomobile.selenium.server.appium.ExecuteScript.executeGenericCommand(ExecuteScript.java:93)
	at com.perfectomobile.selenium.server.appium.ExecuteScript.executeGenericCommand(ExecuteScript.java:65)
	at com.perfectomobile.selenium.server.appium.ExecuteScript.mobileCall(ExecuteScript.java:47)
	at com.perfectomobile.selenium.server.MobileWebDriverHandler.call(MobileWebDriverHandler.java:26)
	at java.util.concurrent.FutureTask.run(FutureTask.java:262)
	at org.openqa.selenium.remote.server.DefaultSession$1.run(DefaultSession.java:176)
	at java.util.concurrent.ThreadPoolExecutor.runWorker(ThreadPoolExecutor.java:1145)
	at java.util.concurrent.ThreadPoolExecutor$Worker.run(ThreadPoolExecutor.java:615)
	at java.lang.Thread.run(Thread.java:744)
</pre></div></td>
<td>96</td>
<td>AppiumTest@2cae5fa7</td></tr>
<tr>
<td title='AppiumTest.test()'><b>test</b><br>Test class: AppiumTest<br>Parameters: akasaka tokyo, 洋食, 〜4500, イタリアン</td>
<td><div><pre>org.openqa.selenium.WebDriverException: Failed to execute command button-text click: Needle not found for expected value: &quot;イタリアン&quot;
Command duration or timeout: 35.67 seconds
Build info: version: &apos;2.48.2&apos;, revision: &apos;41bccdd10cf2c0560f637404c2d96164b67d9d67&apos;, time: &apos;2015-10-09 13:08:06&apos;
System info: host: &apos;MacBookPro-2.local&apos;, ip: &apos;192.168.1.193&apos;, os.name: &apos;Mac OS X&apos;, os.arch: &apos;x86_64&apos;, os.version: &apos;10.11.4&apos;, java.version: &apos;1.8.0_77&apos;
Driver info: PageObjects.PerfectoDriver
Capabilities [{windTunnelPersona=Georgia, rotatable=true, eclipseExecutionId=satoshio@perfectomobile.com_Eclipse_16-04-26_21_59_20_12897, entityType=remote_web_driver, serverConnector=, deviceName=CB1BF44CFEB5C6E1DC52FBC21973B76517820ED3, platform=ANY, executionId=satoshio@perfectomobile.com_RemoteWebDriverTest_16-04-27_04_31_13_14441, password=, webdriver.remote.sessionid=c68eac09-8b95-4fb8-933b-f5e872fe89bf, automationName=Appium, host=demo.perfectomobile.com, singleTestReportUrl=https://demo.perfectomobile.com/nexperience/singletest/report/?reportRepositoryKey=PRIVATE:RemoteWebDriverTest/RemoteWebDriverTest_16-04-27_04_31_13_14441.xml&amp;ownerId=satoshio@perfectomobile.com&amp;sharingCode=c18f7487-8253-448d-850d-ac78a15cf1f9, locationContextEnabled=true, scriptName=RemoteWebDriverTest, takesScreenshot=true, javascriptEnabled=true, reportKey=PRIVATE:RemoteWebDriverTest/RemoteWebDriverTest_16-04-27_04_31_13_14441.xml, windTunnelReportUrl=https://demo.perfectomobile.com/nexperience/singletest/report/?reportRepositoryKey=PRIVATE:RemoteWebDriverTest/RemoteWebDriverTest_16-04-27_04_31_13_14441.xml&amp;ownerId=satoshio@perfectomobile.com&amp;sharingCode=c18f7487-8253-448d-850d-ac78a15cf1f9, user=, cssSelectorsEnabled=true}]
Session ID: c68eac09-8b95-4fb8-933b-f5e872fe89bf
	at org.openqa.selenium.remote.ErrorHandler.createThrowable(ErrorHandler.java:206)
	at org.openqa.selenium.remote.ErrorHandler.throwIfResponseFailed(ErrorHandler.java:158)
	at org.openqa.selenium.remote.RemoteWebDriver.execute(RemoteWebDriver.java:647)
	at org.openqa.selenium.remote.RemoteWebDriver.executeScript(RemoteWebDriver.java:556)
	at PageObjects.PerfectoDriver.TextButtonClick(PerfectoDriver.java:155)
	at PageObjects.PerfectoDriver.TextButtonClick(PerfectoDriver.java:99)
	at PageObjects.TopPageObjectIOS.SelectShop(TopPageObjectIOS.java:65)
	at AppiumTest.test(AppiumTest.java:128)
	at java.util.concurrent.FutureTask.run(FutureTask.java:266)
	at java.util.concurrent.ThreadPoolExecutor.runWorker(ThreadPoolExecutor.java:1142)
	at java.util.concurrent.ThreadPoolExecutor$Worker.run(ThreadPoolExecutor.java:617)
	at java.lang.Thread.run(Thread.java:745)
Caused by: java.lang.RuntimeException: Failed to execute command button-text click: Needle not found for expected value: &quot;イタリアン&quot;
	at com.perfectomobile.selenium.MobileEntity.processCommonResponse(MobileEntity.java:98)
	at com.perfectomobile.selenium.MobileDevice.processResponse(MobileDevice.java:503)
	at com.perfectomobile.selenium.MobileEntity.executeDataCommand(MobileEntity.java:68)
	at com.perfectomobile.selenium.MobileEntity.executeDataCommand(MobileEntity.java:61)
	at com.perfectomobile.selenium.MobileDevice.executeGenericCommand(MobileDevice.java:574)
	at com.perfectomobile.selenium.MobileDevice.executeGenericCommand(MobileDevice.java:57)
	at com.perfectomobile.selenium.server.appium.ExecuteScript.executeGenericCommand(ExecuteScript.java:93)
	at com.perfectomobile.selenium.server.appium.ExecuteScript.executeGenericCommand(ExecuteScript.java:65)
	at com.perfectomobile.selenium.server.appium.ExecuteScript.mobileCall(ExecuteScript.java:47)
	at com.perfectomobile.selenium.server.MobileWebDriverHandler.call(MobileWebDriverHandler.java:26)
	at java.util.concurrent.FutureTask.run(FutureTask.java:262)
	at org.openqa.selenium.remote.server.DefaultSession$1.run(DefaultSession.java:176)
	at java.util.concurrent.ThreadPoolExecutor.runWorker(ThreadPoolExecutor.java:1145)
	at java.util.concurrent.ThreadPoolExecutor$Worker.run(ThreadPoolExecutor.java:615)
	at java.lang.Thread.run(Thread.java:744)
... Removed 20 stack frames</pre></div><a href='#' onClick='toggleBox("stack-trace1740510377", this, "Click to show all stack frames", "Click to hide stack frames")'>Click to show all stack frames</a>
<div class='stack-trace' id='stack-trace1740510377'><pre>org.openqa.selenium.WebDriverException: Failed to execute command button-text click: Needle not found for expected value: &quot;イタリアン&quot;
Command duration or timeout: 35.67 seconds
Build info: version: &apos;2.48.2&apos;, revision: &apos;41bccdd10cf2c0560f637404c2d96164b67d9d67&apos;, time: &apos;2015-10-09 13:08:06&apos;
System info: host: &apos;MacBookPro-2.local&apos;, ip: &apos;192.168.1.193&apos;, os.name: &apos;Mac OS X&apos;, os.arch: &apos;x86_64&apos;, os.version: &apos;10.11.4&apos;, java.version: &apos;1.8.0_77&apos;
Driver info: PageObjects.PerfectoDriver
Capabilities [{windTunnelPersona=Georgia, rotatable=true, eclipseExecutionId=satoshio@perfectomobile.com_Eclipse_16-04-26_21_59_20_12897, entityType=remote_web_driver, serverConnector=, deviceName=CB1BF44CFEB5C6E1DC52FBC21973B76517820ED3, platform=ANY, executionId=satoshio@perfectomobile.com_RemoteWebDriverTest_16-04-27_04_31_13_14441, password=, webdriver.remote.sessionid=c68eac09-8b95-4fb8-933b-f5e872fe89bf, automationName=Appium, host=demo.perfectomobile.com, singleTestReportUrl=https://demo.perfectomobile.com/nexperience/singletest/report/?reportRepositoryKey=PRIVATE:RemoteWebDriverTest/RemoteWebDriverTest_16-04-27_04_31_13_14441.xml&amp;ownerId=satoshio@perfectomobile.com&amp;sharingCode=c18f7487-8253-448d-850d-ac78a15cf1f9, locationContextEnabled=true, scriptName=RemoteWebDriverTest, takesScreenshot=true, javascriptEnabled=true, reportKey=PRIVATE:RemoteWebDriverTest/RemoteWebDriverTest_16-04-27_04_31_13_14441.xml, windTunnelReportUrl=https://demo.perfectomobile.com/nexperience/singletest/report/?reportRepositoryKey=PRIVATE:RemoteWebDriverTest/RemoteWebDriverTest_16-04-27_04_31_13_14441.xml&amp;ownerId=satoshio@perfectomobile.com&amp;sharingCode=c18f7487-8253-448d-850d-ac78a15cf1f9, user=, cssSelectorsEnabled=true}]
Session ID: c68eac09-8b95-4fb8-933b-f5e872fe89bf
	at sun.reflect.NativeConstructorAccessorImpl.newInstance0(Native Method)
	at sun.reflect.NativeConstructorAccessorImpl.newInstance(NativeConstructorAccessorImpl.java:62)
	at sun.reflect.DelegatingConstructorAccessorImpl.newInstance(DelegatingConstructorAccessorImpl.java:45)
	at java.lang.reflect.Constructor.newInstance(Constructor.java:423)
	at org.openqa.selenium.remote.ErrorHandler.createThrowable(ErrorHandler.java:206)
	at org.openqa.selenium.remote.ErrorHandler.throwIfResponseFailed(ErrorHandler.java:158)
	at org.openqa.selenium.remote.RemoteWebDriver.execute(RemoteWebDriver.java:647)
	at org.openqa.selenium.remote.RemoteWebDriver.executeScript(RemoteWebDriver.java:556)
	at PageObjects.PerfectoDriver.TextButtonClick(PerfectoDriver.java:155)
	at PageObjects.PerfectoDriver.TextButtonClick(PerfectoDriver.java:99)
	at PageObjects.TopPageObjectIOS.SelectShop(TopPageObjectIOS.java:65)
	at AppiumTest.test(AppiumTest.java:128)
	at sun.reflect.NativeMethodAccessorImpl.invoke0(Native Method)
	at sun.reflect.NativeMethodAccessorImpl.invoke(NativeMethodAccessorImpl.java:62)
	at sun.reflect.DelegatingMethodAccessorImpl.invoke(DelegatingMethodAccessorImpl.java:43)
	at java.lang.reflect.Method.invoke(Method.java:498)
	at org.testng.internal.MethodInvocationHelper.invokeMethod(MethodInvocationHelper.java:86)
	at org.testng.internal.Invoker.invokeMethod(Invoker.java:645)
	at org.testng.internal.Invoker.invokeTestMethod(Invoker.java:822)
	at org.testng.internal.Invoker.invokeTestMethods(Invoker.java:1130)
	at org.testng.internal.TestMethodWorker.invokeTestMethods(TestMethodWorker.java:129)
	at org.testng.internal.TestMethodWorker.run(TestMethodWorker.java:112)
	at org.testng.TestRunner.privateRun(TestRunner.java:782)
	at org.testng.TestRunner.run(TestRunner.java:632)
	at org.testng.SuiteRunner.runTest(SuiteRunner.java:366)
	at org.testng.SuiteRunner.access$000(SuiteRunner.java:39)
	at org.testng.SuiteRunner$SuiteWorker.run(SuiteRunner.java:400)
	at org.testng.internal.thread.ThreadUtil$2.call(ThreadUtil.java:64)
	at java.util.concurrent.FutureTask.run(FutureTask.java:266)
	at java.util.concurrent.ThreadPoolExecutor.runWorker(ThreadPoolExecutor.java:1142)
	at java.util.concurrent.ThreadPoolExecutor$Worker.run(ThreadPoolExecutor.java:617)
	at java.lang.Thread.run(Thread.java:745)
Caused by: java.lang.RuntimeException: Failed to execute command button-text click: Needle not found for expected value: &quot;イタリアン&quot;
	at com.perfectomobile.selenium.MobileEntity.processCommonResponse(MobileEntity.java:98)
	at com.perfectomobile.selenium.MobileDevice.processResponse(MobileDevice.java:503)
	at com.perfectomobile.selenium.MobileEntity.executeDataCommand(MobileEntity.java:68)
	at com.perfectomobile.selenium.MobileEntity.executeDataCommand(MobileEntity.java:61)
	at com.perfectomobile.selenium.MobileDevice.executeGenericCommand(MobileDevice.java:574)
	at com.perfectomobile.selenium.MobileDevice.executeGenericCommand(MobileDevice.java:57)
	at com.perfectomobile.selenium.server.appium.ExecuteScript.executeGenericCommand(ExecuteScript.java:93)
	at com.perfectomobile.selenium.server.appium.ExecuteScript.executeGenericCommand(ExecuteScript.java:65)
	at com.perfectomobile.selenium.server.appium.ExecuteScript.mobileCall(ExecuteScript.java:47)
	at com.perfectomobile.selenium.server.MobileWebDriverHandler.call(MobileWebDriverHandler.java:26)
	at java.util.concurrent.FutureTask.run(FutureTask.java:262)
	at org.openqa.selenium.remote.server.DefaultSession$1.run(DefaultSession.java:176)
	at java.util.concurrent.ThreadPoolExecutor.runWorker(ThreadPoolExecutor.java:1145)
	at java.util.concurrent.ThreadPoolExecutor$Worker.run(ThreadPoolExecutor.java:615)
	at java.lang.Thread.run(Thread.java:744)
</pre></div></td>
<td>84</td>
<td>AppiumTest@2cae5fa7</td></tr>
<tr>
<td title='AppiumTest.test()'><b>test</b><br>Test class: AppiumTest<br>Parameters: ebisu tokyo, すべて, 〜4500, イーネ</td>
<td><div><pre>junit.framework.AssertionFailedError: Restrant Not found:
	at junit.framework.Assert.fail(Assert.java:50)
	at junit.framework.Assert.assertTrue(Assert.java:20)
	at PageObjects.TopPageObjectIOS.SelectPin(TopPageObjectIOS.java:36)
	at AppiumTest.test(AppiumTest.java:126)
	at java.util.concurrent.FutureTask.run(FutureTask.java:266)
	at java.util.concurrent.ThreadPoolExecutor.runWorker(ThreadPoolExecutor.java:1142)
	at java.util.concurrent.ThreadPoolExecutor$Worker.run(ThreadPoolExecutor.java:617)
	at java.lang.Thread.run(Thread.java:745)
... Removed 16 stack frames</pre></div><a href='#' onClick='toggleBox("stack-trace78874155", this, "Click to show all stack frames", "Click to hide stack frames")'>Click to show all stack frames</a>
<div class='stack-trace' id='stack-trace78874155'><pre>junit.framework.AssertionFailedError: Restrant Not found:
	at junit.framework.Assert.fail(Assert.java:50)
	at junit.framework.Assert.assertTrue(Assert.java:20)
	at PageObjects.TopPageObjectIOS.SelectPin(TopPageObjectIOS.java:36)
	at AppiumTest.test(AppiumTest.java:126)
	at sun.reflect.NativeMethodAccessorImpl.invoke0(Native Method)
	at sun.reflect.NativeMethodAccessorImpl.invoke(NativeMethodAccessorImpl.java:62)
	at sun.reflect.DelegatingMethodAccessorImpl.invoke(DelegatingMethodAccessorImpl.java:43)
	at java.lang.reflect.Method.invoke(Method.java:498)
	at org.testng.internal.MethodInvocationHelper.invokeMethod(MethodInvocationHelper.java:86)
	at org.testng.internal.Invoker.invokeMethod(Invoker.java:645)
	at org.testng.internal.Invoker.invokeTestMethod(Invoker.java:822)
	at org.testng.internal.Invoker.invokeTestMethods(Invoker.java:1130)
	at org.testng.internal.TestMethodWorker.invokeTestMethods(TestMethodWorker.java:129)
	at org.testng.internal.TestMethodWorker.run(TestMethodWorker.java:112)
	at org.testng.TestRunner.privateRun(TestRunner.java:782)
	at org.testng.TestRunner.run(TestRunner.java:632)
	at org.testng.SuiteRunner.runTest(SuiteRunner.java:366)
	at org.testng.SuiteRunner.access$000(SuiteRunner.java:39)
	at org.testng.SuiteRunner$SuiteWorker.run(SuiteRunner.java:400)
	at org.testng.internal.thread.ThreadUtil$2.call(ThreadUtil.java:64)
	at java.util.concurrent.FutureTask.run(FutureTask.java:266)
	at java.util.concurrent.ThreadPoolExecutor.runWorker(ThreadPoolExecutor.java:1142)
	at java.util.concurrent.ThreadPoolExecutor$Worker.run(ThreadPoolExecutor.java:617)
	at java.lang.Thread.run(Thread.java:745)
</pre></div></td>
<td>72</td>
<td>AppiumTest@2cae5fa7</td></tr>
</table><p>
</body>
</html>