<!DOCTYPE html PUBLIC "-//W3C//DTD XHTML 1.1//EN" "http://www.w3.org/TR/xhtml11/DTD/xhtml11.dtd">
<html xmlns="http://www.w3.org/1999/xhtml"><head><title>TestNG Report</title><style type="text/css">table {margin-bottom:10px;border-collapse:collapse;empty-cells:show}th,td {border:1px solid #009;padding:.25em .5em}th {vertical-align:bottom}td {vertical-align:top}table a {font-weight:bold}.stripe td {background-color: #E6EBF9}.num {text-align:right}.passedodd td {background-color: #3F3}.passedeven td {background-color: #0A0}.skippedodd td {background-color: #DDD}.skippedeven td {background-color: #CCC}.failedodd td,.attn {background-color: #F33}.failedeven td,.stripe .attn {background-color: #D00}.stacktrace {white-space:pre;font-family:monospace}.totop {font-size:85%;text-align:center;border-bottom:2px solid #000}</style></head><body><table><tr><th>Test</th><th># Passed</th><th># Skipped</th><th># Failed</th><th>Time (ms)</th><th>Included Groups</th><th>Excluded Groups</th></tr><tr><th colspan="7">BrowserSuite</th></tr><tr><td><a href="#t0">Test Android</a></td><td class="num">0</td><td class="num">0</td><td class="num attn">1</td><td class="num">56,976</td><td></td><td></td></tr></table><table><thead><tr><th>Class</th><th>Method</th><th>Start</th><th>Time (ms)</th></tr></thead><tbody><tr><th colspan="4">BrowserSuite</th></tr></tbody><tbody id="t0"><tr><th colspan="4">Test Android &#8212; failed</th></tr><tr class="failedeven"><td rowspan="1">main.java.com.test.AppiumTest</td><td><a href="#m0">run_cukes</a></td><td rowspan="1">1469500883936</td><td rowspan="1">9031</td></tr></tbody></table><h2>Test Android</h2><h3 id="m0">main.java.com.test.AppiumTest#run_cukes</h3><table class="result"><tr><th>Messages</th></tr><tr><td><div class="messages">&lt;div &quot;featureFile&quot;&gt;Feature File: src&amp;#x2F;test&amp;#x2F;resources&amp;#x2F;features&amp;#x2F;CucumberTest.feature&lt;/div&gt;<br/>&lt;div &quot;feature&quot;&gt;Feature: Test if f1 feature is working&lt;/div&gt;<br/>&lt;div &quot;scenario&quot;&gt;Scenario: valid scenario&lt;/div&gt;<br/>&lt;div &quot;result&quot;&gt;Given  push home (passed : 0s)&lt;/div&gt;<br/>&lt;div &quot;result&quot;&gt;Given  close app &amp;quot;com.android.vending&amp;quot; (passed : 1s)&lt;/div&gt;<br/>&lt;div &quot;result&quot;&gt;Given  start app &amp;quot;com.android.vending&amp;quot; (passed : 0s)&lt;/div&gt;<br/>&lt;div &quot;result&quot;&gt;Then  Page should be &amp;quot;TopPage&amp;quot; (passed : 0s)&lt;/div&gt;<br/>&lt;div &quot;result&quot;&gt;Given  app name input is &amp;quot;test&amp;quot; (failed : 5s)&lt;/div&gt;<br/>&lt;div &quot;result&quot;&gt;Then  result should contain 3rd (skipped)&lt;/div&gt;<br/>&lt;div &quot;result&quot;&gt;Given  push home (skipped)&lt;/div&gt;</div></td></tr><tr><th>Exception</th></tr><tr><td><div class="stacktrace">cucumber.runtime.CucumberException: org.openqa.selenium.NoSuchElementException: Can&apos;t locate an element by this strategy: By.xpath: //*[@resource-id=&quot;com.android.vending:id/search_box_idle_text&quot;]
For documentation on this error, please visit: http://seleniumhq.org/exceptions/no_such_element.html
Build info: version: &apos;2.48.2&apos;, revision: &apos;41bccdd10cf2c0560f637404c2d96164b67d9d67&apos;, time: &apos;2015-10-09 13:08:06&apos;
System info: host: &apos;MacBookPro-2.local&apos;, ip: &apos;192.168.1.193&apos;, os.name: &apos;Mac OS X&apos;, os.arch: &apos;x86_64&apos;, os.version: &apos;10.11.5&apos;, java.version: &apos;1.8.0_77&apos;
Driver info: driver.version: unknown
	at cucumber.api.testng.TestNGCucumberRunner.runCukes(TestNGCucumberRunner.java:48)
	at cucumber.api.testng.AbstractTestNGCucumberTests.run_cukes(AbstractTestNGCucumberTests.java:14)
	at cucumber.api.testng.AbstractTestNGCucumberTests.run(AbstractTestNGCucumberTests.java:19)
	at java.util.concurrent.FutureTask.run(FutureTask.java:266)
	at java.util.concurrent.ThreadPoolExecutor.runWorker(ThreadPoolExecutor.java:1142)
	at java.util.concurrent.ThreadPoolExecutor$Worker.run(ThreadPoolExecutor.java:617)
	at java.lang.Thread.run(Thread.java:745)
Caused by: org.openqa.selenium.NoSuchElementException: Can&apos;t locate an element by this strategy: By.xpath: //*[@resource-id=&quot;com.android.vending:id/search_box_idle_text&quot;]
For documentation on this error, please visit: http://seleniumhq.org/exceptions/no_such_element.html
Build info: version: &apos;2.48.2&apos;, revision: &apos;41bccdd10cf2c0560f637404c2d96164b67d9d67&apos;, time: &apos;2015-10-09 13:08:06&apos;
System info: host: &apos;MacBookPro-2.local&apos;, ip: &apos;192.168.1.193&apos;, os.name: &apos;Mac OS X&apos;, os.arch: &apos;x86_64&apos;, os.version: &apos;10.11.5&apos;, java.version: &apos;1.8.0_77&apos;
Driver info: driver.version: unknown
	at io.appium.java_client.pagefactory.AppiumElementLocator.findElement(AppiumElementLocator.java:152)
	at io.appium.java_client.pagefactory.interceptors.InterceptorOfASingleElement.intercept(InterceptorOfASingleElement.java:51)
	at org.openqa.selenium.remote.RemoteWebElement$$EnhancerByCGLIB$$1c9b369e.sendKeys(&lt;generated&gt;)
	at PageObjects.TopPageObjectAndroid.PutAppName(TopPageObjectAndroid.java:36)
	at main.java.com.test.stepdefs.CucumberStepdefinitionTest.SearchAppName(CucumberStepdefinitionTest.java:55)
	at âœ½.Given app name input is &quot;test&quot;(src/test/resources/features/CucumberTest.feature:7)
... Removed 18 stack frames</div></td></tr></table><p class="totop"><a href="#summary">back to summary</a></p></body></html>